2026-05-17 13:39:58,251 [INFO] [Utils] Model loaded: Random Forest | Accuracy: 99.9%
2026-05-17 13:49:12,866 [INFO] [Alerts] AlertManager initialized | Sound: True | Voice: True | Cooldown: 6.0s | Threshold: 3.0s
2026-05-17 13:49:48,870 [INFO] [Utils] Model loaded: Random Forest | Accuracy: 99.9%
2026-05-17 13:49:48,871 [INFO] [Detector] Camera started | ML: True
2026-05-17 13:54:05,622 [INFO] [Alerts] AlertManager initialized | Sound: True | Voice: True | Cooldown: 6.0s | Threshold: 3.0s
2026-05-17 13:54:22,319 [INFO] [Utils] Model loaded: Random Forest | Accuracy: 99.9%
2026-05-17 13:54:22,319 [INFO] [Detector] Camera started | ML: True
2026-05-17 13:54:26,620 [WARNING] [Alerts] pygame failed (No module named 'pygame'), trying winsound...
2026-05-17 13:54:27,942 [INFO] Could not import comtypes.gen, trying to create it.
2026-05-17 13:54:27,959 [INFO] Created comtypes.gen directory: 'C:\Users\Lakshana\AppData\Local\Python\pythoncore-3.14-64\Lib\site-packages\comtypes\gen'
2026-05-17 13:54:27,963 [INFO] Writing __init__.py file: 'C:\Users\Lakshana\AppData\Local\Python\pythoncore-3.14-64\Lib\site-packages\comtypes\gen\__init__.py'
2026-05-17 13:54:28,001 [INFO] Using writeable comtypes cache directory: 'C:\Users\Lakshana\AppData\Local\Python\pythoncore-3.14-64\Lib\site-packages\comtypes\gen'
2026-05-17 13:54:28,030 [INFO] Could not import comtypes.gen._C866CA3A_32F7_11D2_9602_00C04F8EE628_0_5_4: No module named 'comtypes.gen._C866CA3A_32F7_11D2_9602_00C04F8EE628_0_5_4'
2026-05-17 13:54:28,036 [INFO] # Generating comtypes.gen._C866CA3A_32F7_11D2_9602_00C04F8EE628_0_5_4
2026-05-17 13:54:28,229 [INFO] # Generating comtypes.gen.SpeechLib
2026-05-17 13:54:28,237 [INFO] Could not import comtypes.gen._00020430_0000_0000_C000_000000000046_0_2_0: No module named 'comtypes.gen._00020430_0000_0000_C000_000000000046_0_2_0'
2026-05-17 13:54:28,238 [INFO] # Generating comtypes.gen._00020430_0000_0000_C000_000000000046_0_2_0
2026-05-17 13:54:28,308 [INFO] # Generating comtypes.gen.stdole
2026-05-17 13:54:32,854 [WARNING] [Alerts] pygame failed (No module named 'pygame'), trying winsound...
2026-05-17 13:54:38,991 [WARNING] [Alerts] pygame failed (No module named 'pygame'), trying winsound...
2026-05-17 13:54:45,668 [WARNING] [Alerts] pygame failed (No module named 'pygame'), trying winsound...
2026-05-17 13:54:51,755 [WARNING] [Alerts] pygame failed (No module named 'pygame'), trying winsound...
2026-05-17 13:55:00,792 [WARNING] [Alerts] pygame failed (No module named 'pygame'), trying winsound...
2026-05-17 13:55:10,442 [WARNING] [Alerts] pygame failed (No module named 'pygame'), trying winsound...
2026-05-17 13:56:05,184 [WARNING] [Alerts] pygame failed (No module named 'pygame'), trying winsound...
2026-05-17 13:56:11,023 [INFO] [Alerts] AlertManager initialized | Sound: True | Voice: True | Cooldown: 6.0s | Threshold: 3.0s
2026-05-17 13:56:11,404 [WARNING] [Alerts] pygame failed (No module named 'pygame'), trying winsound...
2026-05-17 13:56:19,689 [WARNING] [Alerts] pygame failed (No module named 'pygame'), trying winsound...
2026-05-17 13:56:30,636 [INFO] [Utils] Model loaded: Random Forest | Accuracy: 99.9%
2026-05-17 13:56:30,637 [INFO] [Detector] Camera started | ML: True
2026-05-17 13:56:37,766 [WARNING] [Alerts] pygame failed (No module named 'pygame'), trying winsound...
2026-05-17 13:56:43,876 [WARNING] [Alerts] pygame failed (No module named 'pygame'), trying winsound...
2026-05-17 13:57:10,184 [WARNING] [Alerts] pygame failed (No module named 'pygame'), trying winsound...
2026-05-17 13:57:20,337 [WARNING] [Alerts] pygame failed (No module named 'pygame'), trying winsound...
2026-05-17 13:57:29,961 [WARNING] [Alerts] pygame failed (No module named 'pygame'), trying winsound...
2026-05-17 13:57:36,223 [WARNING] [Alerts] pygame failed (No module named 'pygame'), trying winsound...
2026-05-17 13:57:42,452 [INFO] [Detector] Camera stopped.
2026-05-17 13:57:42,473 [WARNING] [Alerts] pygame failed (No module named 'pygame'), trying winsound...
2026-05-17 13:57:48,559 [WARNING] [Alerts] pygame failed (No module named 'pygame'), trying winsound...
2026-05-17 13:57:54,658 [WARNING] [Alerts] pygame failed (No module named 'pygame'), trying winsound...
2026-05-17 13:58:00,751 [WARNING] [Alerts] pygame failed (No module named 'pygame'), trying winsound...
2026-05-17 13:58:08,245 [WARNING] [Alerts] pygame failed (No module named 'pygame'), trying winsound...
2026-05-17 13:58:14,294 [WARNING] [Alerts] pygame failed (No module named 'pygame'), trying winsound...
2026-05-17 13:58:20,788 [WARNING] [Alerts] pygame failed (No module named 'pygame'), trying winsound...
2026-05-17 13:58:26,829 [WARNING] [Alerts] pygame failed (No module named 'pygame'), trying winsound...
2026-05-17 13:58:34,947 [WARNING] [Alerts] pygame failed (No module named 'pygame'), trying winsound...
2026-05-17 13:58:41,117 [WARNING] [Alerts] pygame failed (No module named 'pygame'), trying winsound...
2026-05-17 13:58:47,351 [WARNING] [Alerts] pygame failed (No module named 'pygame'), trying winsound...
2026-05-17 13:58:53,628 [WARNING] [Alerts] pygame failed (No module named 'pygame'), trying winsound...
2026-05-17 13:58:57,870 [INFO] [Alerts] AlertManager initialized | Sound: True | Voice: True | Cooldown: 6.0s | Threshold: 3.0s
2026-05-17 13:58:58,223 [INFO] [Alerts] AlertManager initialized | Sound: True | Voice: True | Cooldown: 6.0s | Threshold: 3.0s
2026-05-17 13:58:58,410 [INFO] [Alerts] AlertManager initialized | Sound: True | Voice: True | Cooldown: 6.0s | Threshold: 3.0s
2026-05-17 13:58:59,089 [INFO] [Alerts] AlertManager initialized | Sound: True | Voice: True | Cooldown: 6.0s | Threshold: 3.0s
2026-05-17 13:58:59,490 [INFO] [Alerts] AlertManager initialized | Sound: True | Voice: True | Cooldown: 6.0s | Threshold: 3.0s
2026-05-17 13:59:00,315 [WARNING] [Alerts] pygame failed (No module named 'pygame'), trying winsound...
2026-05-17 14:18:45,231 [INFO] [Alerts] AlertManager initialized | Sound: True | Voice: True | Cooldown: 6.0s | Threshold: 3.0s
2026-05-17 14:18:56,402 [INFO] [Alerts] AlertManager initialized | Sound: True | Voice: True | Cooldown: 6.0s | Threshold: 3.0s
2026-05-17 14:19:12,506 [INFO] [Utils] Model loaded: Random Forest | Accuracy: 99.9%
2026-05-17 14:19:12,507 [INFO] [Detector] Camera started | ML: True
2026-05-17 14:19:18,911 [INFO] [Utils] Model loaded: Random Forest | Accuracy: 99.9%
2026-05-17 14:19:18,911 [INFO] [Detector] Camera started | ML: True
2026-05-17 14:19:22,557 [WARNING] [Alerts] pygame failed (No module named 'pygame'), trying winsound...
2026-05-17 14:19:23,896 [INFO] Imported existing <module 'comtypes.gen' from 'C:\\Users\\Lakshana\\AppData\\Local\\Python\\pythoncore-3.14-64\\Lib\\site-packages\\comtypes\\gen\\__init__.py'>
2026-05-17 14:19:23,897 [INFO] Using writeable comtypes cache directory: 'C:\Users\Lakshana\AppData\Local\Python\pythoncore-3.14-64\Lib\site-packages\comtypes\gen'
2026-05-17 14:19:28,670 [WARNING] [Alerts] pygame failed (No module named 'pygame'), trying winsound...
2026-05-17 14:19:46,057 [WARNING] [Alerts] pygame failed (No module named 'pygame'), trying winsound...
2026-05-17 14:19:52,080 [WARNING] [Alerts] pygame failed (No module named 'pygame'), trying winsound...
2026-05-17 14:19:58,280 [WARNING] [Alerts] pygame failed (No module named 'pygame'), trying winsound...
2026-05-17 14:20:04,291 [WARNING] [Alerts] pygame failed (No module named 'pygame'), trying winsound...
2026-05-17 14:20:10,530 [WARNING] [Alerts] pygame failed (No module named 'pygame'), trying winsound...
2026-05-17 14:20:16,804 [WARNING] [Alerts] pygame failed (No module named 'pygame'), trying winsound...
2026-05-17 14:20:23,096 [WARNING] [Alerts] pygame failed (No module named 'pygame'), trying winsound...
2026-05-17 14:20:28,323 [INFO] [Detector] Camera stopped.
2026-05-17 14:20:35,368 [INFO] [Alerts] AlertManager initialized | Sound: True | Voice: True | Cooldown: 6.0s | Threshold: 3.0s
2026-05-17 14:20:55,620 [INFO] [Utils] Model loaded: Random Forest | Accuracy: 99.9%
2026-05-17 14:20:55,620 [INFO] [Detector] Camera started | ML: True
2026-05-17 14:20:59,278 [WARNING] [Alerts] pygame failed (No module named 'pygame'), trying winsound...
2026-05-17 14:21:07,715 [WARNING] [Alerts] pygame failed (No module named 'pygame'), trying winsound...
2026-05-17 14:21:14,173 [WARNING] [Alerts] pygame failed (No module named 'pygame'), trying winsound...
2026-05-17 14:21:31,958 [WARNING] [Alerts] pygame failed (No module named 'pygame'), trying winsound...
2026-05-17 14:21:35,928 [INFO] [Utils] Screenshot saved: D:\MINI PROJECT II\AI_Posture_Detection\screenshots\posture_20260517_142135_833976.png
2026-05-17 14:21:38,525 [WARNING] [Alerts] pygame failed (No module named 'pygame'), trying winsound...
2026-05-17 14:21:47,422 [INFO] [Detector] Camera stopped.
2026-05-17 14:23:08,314 [INFO] [Alerts] AlertManager initialized | Sound: True | Voice: True | Cooldown: 6.0s | Threshold: 3.0s
2026-05-17 14:23:36,098 [INFO] [Utils] Model loaded: Random Forest | Accuracy: 99.9%
2026-05-17 14:23:36,098 [INFO] [Detector] Camera started | ML: True
2026-05-17 14:23:39,962 [WARNING] [Alerts] pygame failed (No module named 'pygame'), trying winsound...
2026-05-17 14:23:46,201 [WARNING] [Alerts] pygame failed (No module named 'pygame'), trying winsound...
2026-05-17 14:23:54,493 [WARNING] [Alerts] pygame failed (No module named 'pygame'), trying winsound...
2026-05-17 14:24:01,027 [WARNING] [Alerts] pygame failed (No module named 'pygame'), trying winsound...
2026-05-17 14:24:07,372 [WARNING] [Alerts] pygame failed (No module named 'pygame'), trying winsound...
2026-05-17 14:24:13,686 [WARNING] [Alerts] pygame failed (No module named 'pygame'), trying winsound...
2026-05-17 14:24:19,725 [WARNING] [Alerts] pygame failed (No module named 'pygame'), trying winsound...
2026-05-17 14:24:25,958 [WARNING] [Alerts] pygame failed (No module named 'pygame'), trying winsound...
2026-05-17 14:24:32,016 [WARNING] [Alerts] pygame failed (No module named 'pygame'), trying winsound...
2026-05-17 14:24:38,606 [INFO] [Detector] Camera stopped.
2026-05-17 14:30:31,466 [INFO] [Alerts] AlertManager initialized | Sound: True | Voice: True | Cooldown: 6.0s | Threshold: 3.0s
2026-05-17 14:30:52,425 [INFO] [Utils] Model loaded: Random Forest | Accuracy: 100.0%
2026-05-17 14:30:52,426 [INFO] [Detector] Camera started | ML: True
2026-05-17 14:31:03,857 [WARNING] [Alerts] pygame failed (No module named 'pygame'), trying winsound...
2026-05-17 14:31:12,643 [WARNING] [Alerts] pygame failed (No module named 'pygame'), trying winsound...
2026-05-17 14:32:03,255 [INFO] [Detector] Camera stopped.
2026-05-17 14:34:12,447 [INFO] [Alerts] AlertManager initialized | Sound: True | Voice: True | Cooldown: 6.0s | Threshold: 3.0s
2026-05-17 14:34:32,821 [INFO] [Utils] Model loaded: Random Forest | Accuracy: 100.0%
2026-05-17 14:34:32,822 [INFO] [Detector] Camera started | ML: True
2026-05-17 14:35:07,521 [WARNING] [Alerts] pygame failed (No module named 'pygame'), trying winsound...
2026-05-17 14:35:13,568 [WARNING] [Alerts] pygame failed (No module named 'pygame'), trying winsound...
2026-05-17 14:35:19,793 [WARNING] [Alerts] pygame failed (No module named 'pygame'), trying winsound...
2026-05-17 14:35:22,645 [INFO] [Detector] Camera stopped.
2026-05-17 14:36:25,615 [INFO] [Alerts] AlertManager initialized | Sound: True | Voice: True | Cooldown: 6.0s | Threshold: 3.0s
2026-05-17 14:36:29,107 [INFO] [Utils] Model loaded: Random Forest | Accuracy: 99.5%
2026-05-17 14:36:29,108 [INFO] [Detector] Camera started | ML: True
2026-05-17 14:36:32,561 [WARNING] [Alerts] pygame failed (No module named 'pygame'), trying winsound...
2026-05-17 14:36:38,566 [WARNING] [Alerts] pygame failed (No module named 'pygame'), trying winsound...
2026-05-17 14:36:52,391 [INFO] [Alerts] AlertManager initialized | Sound: True | Voice: True | Cooldown: 6.0s | Threshold: 3.0s
2026-05-17 14:36:55,243 [INFO] [Utils] Model loaded: Random Forest | Accuracy: 99.5%
2026-05-17 14:36:55,243 [INFO] [Detector] Camera started | ML: True
2026-05-17 14:36:59,025 [WARNING] [Alerts] pygame failed (No module named 'pygame'), trying winsound...
2026-05-17 14:37:14,185 [WARNING] [Alerts] pygame failed (No module named 'pygame'), trying winsound...
2026-05-17 14:37:20,190 [WARNING] [Alerts] pygame failed (No module named 'pygame'), trying winsound...
2026-05-17 14:37:29,119 [WARNING] [Alerts] pygame failed (No module named 'pygame'), trying winsound...
2026-05-17 14:37:46,742 [WARNING] [Alerts] pygame failed (No module named 'pygame'), trying winsound...
2026-05-17 14:38:01,539 [WARNING] [Alerts] pygame failed (No module named 'pygame'), trying winsound...
2026-05-17 14:38:07,557 [WARNING] [Alerts] pygame failed (No module named 'pygame'), trying winsound...
2026-05-17 14:38:26,274 [WARNING] [Alerts] pygame failed (No module named 'pygame'), trying winsound...
2026-05-17 14:38:33,436 [WARNING] [Alerts] pygame failed (No module named 'pygame'), trying winsound...
2026-05-17 14:38:39,652 [WARNING] [Alerts] pygame failed (No module named 'pygame'), trying winsound...
2026-05-17 14:39:18,377 [WARNING] [Alerts] pygame failed (No module named 'pygame'), trying winsound...
2026-05-17 14:39:24,468 [WARNING] [Alerts] pygame failed (No module named 'pygame'), trying winsound...
2026-05-17 14:39:28,196 [INFO] [Detector] Camera stopped.
2026-05-17 14:39:58,679 [INFO] [Alerts] AlertManager initialized | Sound: True | Voice: True | Cooldown: 6.0s | Threshold: 3.0s
2026-05-17 14:40:02,629 [INFO] [Utils] Model loaded: Random Forest | Accuracy: 99.5%
2026-05-17 14:40:02,629 [INFO] [Detector] Camera started | ML: True
2026-05-17 14:40:06,626 [WARNING] [Alerts] pygame failed (No module named 'pygame'), trying winsound...
2026-05-17 14:40:12,657 [WARNING] [Alerts] pygame failed (No module named 'pygame'), trying winsound...
2026-05-17 14:40:26,176 [WARNING] [Alerts] pygame failed (No module named 'pygame'), trying winsound...
2026-05-17 14:40:46,357 [WARNING] [Alerts] pygame failed (No module named 'pygame'), trying winsound...
2026-05-17 14:40:52,398 [WARNING] [Alerts] pygame failed (No module named 'pygame'), trying winsound...
2026-05-17 14:41:00,218 [WARNING] [Alerts] pygame failed (No module named 'pygame'), trying winsound...
2026-05-17 14:41:06,418 [WARNING] [Alerts] pygame failed (No module named 'pygame'), trying winsound...
2026-05-17 14:41:13,707 [WARNING] [Alerts] pygame failed (No module named 'pygame'), trying winsound...
2026-05-17 14:41:19,865 [INFO] [Detector] Camera stopped.
2026-05-17 14:43:03,353 [INFO] [Alerts] AlertManager initialized | Sound: True | Voice: True | Cooldown: 6.0s | Threshold: 3.0s
2026-05-17 14:43:06,511 [INFO] [Utils] Model loaded: Random Forest | Accuracy: 99.5%
2026-05-17 14:43:06,511 [INFO] [Detector] Camera started | ML: True
2026-05-17 14:43:10,381 [WARNING] [Alerts] pygame failed (No module named 'pygame'), trying winsound...
2026-05-17 14:43:21,810 [WARNING] [Alerts] pygame failed (No module named 'pygame'), trying winsound...
2026-05-17 14:43:27,843 [WARNING] [Alerts] pygame failed (No module named 'pygame'), trying winsound...
2026-05-17 14:43:34,183 [WARNING] [Alerts] pygame failed (No module named 'pygame'), trying winsound...
2026-05-17 14:43:40,428 [WARNING] [Alerts] pygame failed (No module named 'pygame'), trying winsound...
2026-05-17 14:43:46,772 [WARNING] [Alerts] pygame failed (No module named 'pygame'), trying winsound...
2026-05-17 14:43:53,127 [WARNING] [Alerts] pygame failed (No module named 'pygame'), trying winsound...
2026-05-17 14:43:59,290 [WARNING] [Alerts] pygame failed (No module named 'pygame'), trying winsound...
2026-05-17 14:44:05,438 [WARNING] [Alerts] pygame failed (No module named 'pygame'), trying winsound...
2026-05-17 14:44:11,476 [WARNING] [Alerts] pygame failed (No module named 'pygame'), trying winsound...
2026-05-17 14:44:17,647 [WARNING] [Alerts] pygame failed (No module named 'pygame'), trying winsound...
2026-05-17 14:44:20,120 [INFO] [Detector] Camera stopped.
2026-05-17 14:47:35,433 [INFO] [Alerts] AlertManager initialized | Sound: True | Voice: True | Cooldown: 6.0s | Threshold: 3.0s
2026-05-17 14:47:38,532 [INFO] [Utils] Model loaded: Random Forest | Accuracy: 99.5%
2026-05-17 14:47:38,532 [INFO] [Detector] Camera started | ML: True
2026-05-17 14:47:42,351 [WARNING] [Alerts] pygame failed (No module named 'pygame'), trying winsound...
2026-05-17 14:48:00,328 [WARNING] [Alerts] pygame failed (No module named 'pygame'), trying winsound...
2026-05-17 14:48:08,148 [WARNING] [Alerts] pygame failed (No module named 'pygame'), trying winsound...
2026-05-17 14:48:14,353 [WARNING] [Alerts] pygame failed (No module named 'pygame'), trying winsound...
2026-05-17 14:48:20,667 [WARNING] [Alerts] pygame failed (No module named 'pygame'), trying winsound...
2026-05-17 14:48:26,912 [WARNING] [Alerts] pygame failed (No module named 'pygame'), trying winsound...
2026-05-17 14:48:32,982 [WARNING] [Alerts] pygame failed (No module named 'pygame'), trying winsound...
2026-05-17 14:48:49,277 [WARNING] [Alerts] pygame failed (No module named 'pygame'), trying winsound...
2026-05-17 14:49:18,598 [WARNING] [Alerts] pygame failed (No module named 'pygame'), trying winsound...
2026-05-17 14:49:24,844 [WARNING] [Alerts] pygame failed (No module named 'pygame'), trying winsound...
2026-05-17 14:49:33,704 [WARNING] [Alerts] pygame failed (No module named 'pygame'), trying winsound...
2026-05-17 14:49:39,978 [WARNING] [Alerts] pygame failed (No module named 'pygame'), trying winsound...
2026-05-17 14:49:46,222 [WARNING] [Alerts] pygame failed (No module named 'pygame'), trying winsound...
2026-05-17 14:49:52,947 [WARNING] [Alerts] pygame failed (No module named 'pygame'), trying winsound...
2026-05-17 14:49:58,894 [INFO] [Detector] Camera stopped.
2026-05-17 18:37:08,868 [INFO] [Alerts] AlertManager initialized | Sound: True | Voice: True | Cooldown: 6.0s | Threshold: 3.0s
2026-05-17 18:37:15,521 [INFO] [Utils] Model loaded: Random Forest | Accuracy: 99.6%
2026-05-17 18:37:15,524 [INFO] [Detector] Camera started | ML: True
2026-05-17 18:37:21,965 [WARNING] [Alerts] pygame failed (No module named 'pygame'), trying winsound...
2026-05-17 18:37:43,032 [WARNING] [Alerts] pygame failed (No module named 'pygame'), trying winsound...
2026-05-17 18:37:55,181 [WARNING] [Alerts] pygame failed (No module named 'pygame'), trying winsound...
2026-05-17 18:38:02,116 [WARNING] [Alerts] pygame failed (No module named 'pygame'), trying winsound...
2026-05-17 18:38:23,775 [WARNING] [Alerts] pygame failed (No module named 'pygame'), trying winsound...
2026-05-17 18:38:30,370 [WARNING] [Alerts] pygame failed (No module named 'pygame'), trying winsound...
2026-05-17 18:38:35,422 [INFO] [Detector] Camera stopped.
2026-05-17 19:24:02,769 [INFO] [Alerts] AlertManager initialized | Sound: True | Voice: True | Cooldown: 6.0s | Threshold: 3.0s
2026-05-17 19:24:08,032 [INFO] [Utils] Model loaded: Random Forest | Accuracy: 99.6%
2026-05-17 19:24:08,033 [INFO] [Detector] Camera started | ML: True
2026-05-17 19:24:43,322 [INFO] [Alerts] AlertManager initialized | Sound: True | Voice: True | Cooldown: 6.0s | Threshold: 3.0s
2026-05-17 19:24:46,785 [INFO] [Utils] Model loaded: Random Forest | Accuracy: 99.6%
2026-05-17 19:24:46,785 [INFO] [Detector] Camera started | ML: True
2026-05-17 19:24:50,546 [WARNING] [Alerts] pygame failed (No module named 'pygame'), trying winsound...
2026-05-17 19:24:56,739 [WARNING] [Alerts] pygame failed (No module named 'pygame'), trying winsound...
2026-05-17 19:25:02,922 [WARNING] [Alerts] pygame failed (No module named 'pygame'), trying winsound...
2026-05-17 19:31:29,843 [INFO] [Alerts] AlertManager initialized | Sound: True | Voice: True | Cooldown: 6.0s | Threshold: 3.0s
2026-05-17 19:31:33,414 [INFO] [Utils] Model loaded: Random Forest | Accuracy: 99.6%
2026-05-17 19:31:33,415 [INFO] [Detector] Camera started | ML: True
2026-05-17 19:32:26,576 [ERROR] [Analytics] PDF generation error: Character "—" at index 21 in text is outside the range of characters supported by the font used: "helvetica". Please consider using a Unicode font.
2026-05-17 19:39:55,292 [INFO] [Alerts] AlertManager initialized | Sound: True | Voice: True | Cooldown: 6.0s | Threshold: 3.0s
2026-05-17 19:39:58,701 [INFO] [Utils] Model loaded: Random Forest | Accuracy: 99.6%
2026-05-17 19:39:58,701 [INFO] [Detector] Camera started | ML: True
2026-05-17 19:40:20,905 [WARNING] [Alerts] pygame failed (No module named 'pygame'), trying winsound...
2026-05-17 19:40:35,287 [WARNING] [Alerts] pygame failed (No module named 'pygame'), trying winsound...
2026-05-17 19:40:41,712 [WARNING] [Alerts] pygame failed (No module named 'pygame'), trying winsound...
2026-05-17 19:40:50,260 [WARNING] [Alerts] pygame failed (No module named 'pygame'), trying winsound...
2026-05-17 19:40:57,432 [WARNING] [Alerts] pygame failed (No module named 'pygame'), trying winsound...
2026-05-17 19:41:03,622 [WARNING] [Alerts] pygame failed (No module named 'pygame'), trying winsound...
2026-05-17 19:41:33,111 [WARNING] [Alerts] pygame failed (No module named 'pygame'), trying winsound...
2026-05-17 19:41:39,467 [WARNING] [Alerts] pygame failed (No module named 'pygame'), trying winsound...
2026-05-17 19:41:45,896 [WARNING] [Alerts] pygame failed (No module named 'pygame'), trying winsound...
2026-05-17 19:41:54,347 [WARNING] [Alerts] pygame failed (No module named 'pygame'), trying winsound...
2026-05-17 19:42:00,585 [WARNING] [Alerts] pygame failed (No module named 'pygame'), trying winsound...
2026-05-17 19:42:06,909 [WARNING] [Alerts] pygame failed (No module named 'pygame'), trying winsound...
2026-05-17 19:42:10,693 [INFO] [Detector] Camera stopped.
2026-05-17 19:46:41,323 [INFO] [Alerts] AlertManager initialized | Sound: True | Voice: True | Cooldown: 6.0s | Threshold: 3.0s
2026-05-17 19:46:46,807 [INFO] [Utils] Model loaded: Random Forest | Accuracy: 100.0%
2026-05-17 19:46:46,807 [INFO] [Detector] Camera started | ML: True
2026-05-17 19:46:50,953 [WARNING] [Alerts] pygame failed (No module named 'pygame'), trying winsound...
2026-05-17 19:46:55,578 [INFO] [Alerts] Spoken successfully via SAPI: Please sit straight.
2026-05-17 19:47:00,744 [WARNING] [Alerts] pygame failed (No module named 'pygame'), trying winsound...
2026-05-17 19:47:04,588 [INFO] [Alerts] Spoken successfully via SAPI: Please sit straight.
2026-05-17 19:47:28,706 [WARNING] [Alerts] pygame failed (No module named 'pygame'), trying winsound...
2026-05-17 19:47:29,682 [WARNING] [Alerts] SAPI Speak failed ((-2147352567, 'Exception occurred.', (0, None, None, None, 0, -2147024882), None)), falling back to pyttsx3...
2026-05-17 19:47:29,936 [INFO] [Alerts] Spoken successfully via pyttsx3: Please sit straight.
2026-05-17 19:50:06,443 [INFO] [Alerts] AlertManager initialized | Sound: True | Voice: True | Cooldown: 6.0s | Threshold: 3.0s
2026-05-17 19:50:10,024 [INFO] [Utils] Model loaded: Random Forest | Accuracy: 100.0%
2026-05-17 19:50:10,024 [INFO] [Detector] Camera started | ML: True
2026-05-17 19:50:20,612 [WARNING] [Alerts] pygame failed (No module named 'pygame'), trying winsound...
2026-05-17 19:50:24,053 [INFO] [Alerts] Spoken successfully via SAPI: Please sit straight.
2026-05-17 19:51:16,149 [INFO] [Detector] Camera stopped.
2026-05-17 20:34:24,673 [INFO] [Alerts] AlertManager initialized | Sound: True | Voice: True | Cooldown: 6.0s | Threshold: 3.0s
2026-05-17 20:34:25,745 [INFO] [Alerts] AlertManager initialized | Sound: True | Voice: True | Cooldown: 6.0s | Threshold: 3.0s
2026-05-17 20:35:03,549 [INFO] [Alerts] AlertManager initialized | Sound: True | Voice: True | Cooldown: 6.0s | Threshold: 3.0s
2026-05-17 20:35:07,703 [INFO] [Utils] Model loaded: Random Forest | Accuracy: 99.8%
2026-05-17 20:35:07,704 [INFO] [Detector] Camera started | ML: True
2026-05-17 20:35:11,530 [WARNING] [Alerts] pygame failed (No module named 'pygame'), trying winsound...
2026-05-17 20:35:15,063 [INFO] [Alerts] Spoken successfully via SAPI: Please sit straight.
2026-05-17 20:35:17,790 [WARNING] [Alerts] pygame failed (No module named 'pygame'), trying winsound...
2026-05-17 20:35:21,328 [INFO] [Alerts] Spoken successfully via SAPI: Please sit straight.
2026-05-17 20:35:23,990 [WARNING] [Alerts] pygame failed (No module named 'pygame'), trying winsound...
2026-05-17 20:35:27,623 [INFO] [Alerts] Spoken successfully via SAPI: Please sit straight.
2026-05-17 20:35:30,222 [WARNING] [Alerts] pygame failed (No module named 'pygame'), trying winsound...
2026-05-17 20:35:33,766 [INFO] [Alerts] Spoken successfully via SAPI: Please sit straight.
2026-05-17 20:35:36,525 [WARNING] [Alerts] pygame failed (No module named 'pygame'), trying winsound...
2026-05-17 20:35:39,811 [INFO] [Alerts] Spoken successfully via SAPI: Please sit straight.
2026-05-17 20:35:42,912 [WARNING] [Alerts] pygame failed (No module named 'pygame'), trying winsound...
2026-05-17 20:35:46,617 [INFO] [Alerts] Spoken successfully via SAPI: Please sit straight.
2026-05-17 20:35:49,324 [WARNING] [Alerts] pygame failed (No module named 'pygame'), trying winsound...
2026-05-17 20:35:52,867 [INFO] [Alerts] Spoken successfully via SAPI: Please sit straight.
2026-05-17 20:35:55,347 [WARNING] [Alerts] pygame failed (No module named 'pygame'), trying winsound...
2026-05-17 20:35:58,729 [INFO] [Alerts] Spoken successfully via SAPI: Please sit straight.
2026-05-17 20:36:01,850 [WARNING] [Alerts] pygame failed (No module named 'pygame'), trying winsound...
2026-05-17 20:36:05,453 [INFO] [Alerts] Spoken successfully via SAPI: Please sit straight.
2026-05-17 20:36:12,699 [WARNING] [Alerts] pygame failed (No module named 'pygame'), trying winsound...
2026-05-17 20:36:16,060 [INFO] [Alerts] Spoken successfully via SAPI: Please sit straight.
2026-05-17 20:36:18,975 [WARNING] [Alerts] pygame failed (No module named 'pygame'), trying winsound...
2026-05-17 20:36:22,761 [INFO] [Alerts] Spoken successfully via SAPI: Please sit straight.
2026-05-17 20:36:25,115 [WARNING] [Alerts] pygame failed (No module named 'pygame'), trying winsound...
2026-05-17 20:36:28,631 [INFO] [Alerts] Spoken successfully via SAPI: Please sit straight.
2026-05-17 20:36:31,289 [WARNING] [Alerts] pygame failed (No module named 'pygame'), trying winsound...
2026-05-17 20:36:34,396 [INFO] [Alerts] Spoken successfully via SAPI: Please sit straight.
2026-05-17 20:36:37,508 [WARNING] [Alerts] pygame failed (No module named 'pygame'), trying winsound...
2026-05-17 20:36:40,593 [INFO] [Alerts] Spoken successfully via SAPI: Please sit straight.
2026-05-17 20:36:44,023 [WARNING] [Alerts] pygame failed (No module named 'pygame'), trying winsound...
2026-05-17 20:36:47,323 [INFO] [Alerts] Spoken successfully via SAPI: Please sit straight.
2026-05-17 20:36:57,853 [INFO] [Alerts] AlertManager initialized | Sound: True | Voice: True | Cooldown: 6.0s | Threshold: 3.0s
2026-05-17 20:37:00,499 [INFO] [Utils] Model loaded: Random Forest | Accuracy: 99.8%
2026-05-17 20:37:00,500 [INFO] [Detector] Camera started | ML: True
2026-05-17 20:37:04,358 [WARNING] [Alerts] pygame failed (No module named 'pygame'), trying winsound...
2026-05-17 20:37:07,935 [INFO] [Alerts] Spoken successfully via SAPI: Please sit straight.
2026-05-17 20:37:10,430 [WARNING] [Alerts] pygame failed (No module named 'pygame'), trying winsound...
2026-05-17 20:37:13,783 [INFO] [Alerts] Spoken successfully via SAPI: Please sit straight.
2026-05-17 20:37:19,516 [WARNING] [Alerts] pygame failed (No module named 'pygame'), trying winsound...
2026-05-17 20:37:23,086 [INFO] [Alerts] Spoken successfully via SAPI: Please sit straight.
2026-05-17 20:37:25,844 [WARNING] [Alerts] pygame failed (No module named 'pygame'), trying winsound...
2026-05-17 20:37:29,124 [INFO] [Alerts] Spoken successfully via SAPI: Please sit straight.
2026-05-17 20:37:32,415 [WARNING] [Alerts] pygame failed (No module named 'pygame'), trying winsound...
2026-05-17 20:37:36,105 [INFO] [Alerts] Spoken successfully via SAPI: Please sit straight.
2026-05-17 20:37:39,631 [WARNING] [Alerts] pygame failed (No module named 'pygame'), trying winsound...
2026-05-17 20:37:43,230 [INFO] [Alerts] Spoken successfully via SAPI: Please sit straight.
2026-05-17 20:37:47,472 [WARNING] [Alerts] pygame failed (No module named 'pygame'), trying winsound...
2026-05-17 20:37:51,047 [INFO] [Alerts] Spoken successfully via SAPI: Please sit straight.
2026-05-17 20:37:53,647 [WARNING] [Alerts] pygame failed (No module named 'pygame'), trying winsound...
2026-05-17 20:37:57,073 [INFO] [Alerts] Spoken successfully via SAPI: Please sit straight.
2026-05-17 20:38:00,927 [WARNING] [Alerts] pygame failed (No module named 'pygame'), trying winsound...
2026-05-17 20:38:04,510 [INFO] [Alerts] Spoken successfully via SAPI: Please sit straight.
2026-05-17 20:38:12,932 [WARNING] [Alerts] pygame failed (No module named 'pygame'), trying winsound...
2026-05-17 20:38:16,130 [INFO] [Alerts] Spoken successfully via SAPI: Please sit straight.
2026-05-17 20:38:19,000 [WARNING] [Alerts] pygame failed (No module named 'pygame'), trying winsound...
2026-05-17 20:38:22,635 [INFO] [Alerts] Spoken successfully via SAPI: Please sit straight.
2026-05-17 20:38:39,847 [WARNING] [Alerts] pygame failed (No module named 'pygame'), trying winsound...
2026-05-17 20:38:43,154 [INFO] [Alerts] Spoken successfully via SAPI: Please sit straight.
2026-05-17 20:38:51,274 [WARNING] [Alerts] pygame failed (No module named 'pygame'), trying winsound...
2026-05-17 20:38:54,548 [INFO] [Alerts] Spoken successfully via SAPI: Please sit straight.
2026-05-17 20:38:57,460 [WARNING] [Alerts] pygame failed (No module named 'pygame'), trying winsound...
2026-05-17 20:39:01,064 [INFO] [Alerts] Spoken successfully via SAPI: Please sit straight.
2026-05-17 20:39:04,481 [WARNING] [Alerts] pygame failed (No module named 'pygame'), trying winsound...
2026-05-17 20:39:08,124 [INFO] [Alerts] Spoken successfully via SAPI: Please sit straight.
2026-05-17 20:39:10,856 [WARNING] [Alerts] pygame failed (No module named 'pygame'), trying winsound...
2026-05-17 20:39:14,382 [INFO] [Alerts] Spoken successfully via SAPI: Please sit straight.
2026-05-17 20:39:17,060 [WARNING] [Alerts] pygame failed (No module named 'pygame'), trying winsound...
2026-05-17 20:39:20,645 [INFO] [Alerts] Spoken successfully via SAPI: Please sit straight.
2026-05-17 20:39:23,279 [WARNING] [Alerts] pygame failed (No module named 'pygame'), trying winsound...
2026-05-17 20:39:26,863 [INFO] [Alerts] Spoken successfully via SAPI: Please sit straight.
2026-05-17 20:39:29,338 [WARNING] [Alerts] pygame failed (No module named 'pygame'), trying winsound...
2026-05-17 20:39:32,916 [INFO] [Alerts] Spoken successfully via SAPI: Please sit straight.
2026-05-17 20:39:35,337 [WARNING] [Alerts] pygame failed (No module named 'pygame'), trying winsound...
2026-05-17 20:39:38,789 [INFO] [Alerts] Spoken successfully via SAPI: Please sit straight.
2026-05-17 20:39:43,434 [WARNING] [Alerts] pygame failed (No module named 'pygame'), trying winsound...
2026-05-17 20:39:47,116 [INFO] [Alerts] Spoken successfully via SAPI: Please sit straight.
2026-05-17 20:39:49,799 [WARNING] [Alerts] pygame failed (No module named 'pygame'), trying winsound...
2026-05-17 20:39:53,252 [INFO] [Alerts] Spoken successfully via SAPI: Please sit straight.
2026-05-17 20:39:56,045 [WARNING] [Alerts] pygame failed (No module named 'pygame'), trying winsound...
2026-05-17 20:39:59,221 [INFO] [Alerts] Spoken successfully via SAPI: Please sit straight.
2026-05-17 20:40:01,811 [INFO] [Detector] Camera stopped.
2026-05-17 20:42:06,239 [INFO] [Alerts] AlertManager initialized | Sound: True | Voice: True | Cooldown: 6.0s | Threshold: 3.0s
2026-05-17 20:42:10,840 [INFO] [Utils] Model loaded: Random Forest | Accuracy: 99.8%
2026-05-17 20:42:10,841 [INFO] [Detector] Camera started | ML: True
2026-05-17 20:42:36,156 [WARNING] [Alerts] pygame failed (No module named 'pygame'), trying winsound...
2026-05-17 20:42:39,434 [INFO] [Alerts] Spoken successfully via SAPI: Please sit straight.
2026-05-17 20:43:05,515 [WARNING] [Alerts] pygame failed (No module named 'pygame'), trying winsound...
2026-05-17 20:43:08,757 [INFO] [Alerts] Spoken successfully via SAPI: Please sit straight.
2026-05-17 20:43:14,536 [WARNING] [Alerts] pygame failed (No module named 'pygame'), trying winsound...
2026-05-17 20:43:18,143 [INFO] [Alerts] Spoken successfully via SAPI: Please sit straight.
2026-05-17 20:43:20,715 [WARNING] [Alerts] pygame failed (No module named 'pygame'), trying winsound...
2026-05-17 20:43:24,087 [INFO] [Alerts] Spoken successfully via SAPI: Please sit straight.
2026-05-17 20:43:27,215 [WARNING] [Alerts] pygame failed (No module named 'pygame'), trying winsound...
2026-05-17 20:43:30,765 [INFO] [Alerts] Spoken successfully via SAPI: Please sit straight.
2026-05-17 20:45:18,159 [INFO] [Alerts] AlertManager initialized | Sound: True | Voice: True | Cooldown: 6.0s | Threshold: 3.0s
2026-05-17 20:45:21,253 [INFO] [Utils] Model loaded: Random Forest | Accuracy: 99.8%
2026-05-17 20:45:21,254 [INFO] [Detector] Camera started | ML: True
2026-05-17 20:45:25,140 [WARNING] [Alerts] pygame failed (No module named 'pygame'), trying winsound...
2026-05-17 20:45:28,814 [INFO] [Alerts] Spoken successfully via SAPI: Please sit straight.
2026-05-17 20:45:31,242 [WARNING] [Alerts] pygame failed (No module named 'pygame'), trying winsound...
2026-05-17 20:45:34,687 [INFO] [Alerts] Spoken successfully via SAPI: Please sit straight.
2026-05-17 20:45:37,410 [WARNING] [Alerts] pygame failed (No module named 'pygame'), trying winsound...
2026-05-17 20:45:40,791 [INFO] [Alerts] Spoken successfully via SAPI: Please sit straight.
2026-05-17 20:45:43,545 [WARNING] [Alerts] pygame failed (No module named 'pygame'), trying winsound...
2026-05-17 20:45:46,927 [INFO] [Alerts] Spoken successfully via SAPI: Please sit straight.
2026-05-17 20:45:49,605 [WARNING] [Alerts] pygame failed (No module named 'pygame'), trying winsound...
2026-05-17 20:45:53,216 [INFO] [Alerts] Spoken successfully via SAPI: Please sit straight.
2026-05-17 20:45:55,618 [WARNING] [Alerts] pygame failed (No module named 'pygame'), trying winsound...
2026-05-17 20:45:59,167 [INFO] [Alerts] Spoken successfully via SAPI: Please sit straight.
2026-05-17 20:46:01,651 [WARNING] [Alerts] pygame failed (No module named 'pygame'), trying winsound...
2026-05-17 20:46:05,032 [INFO] [Alerts] Spoken successfully via SAPI: Please sit straight.
2026-05-17 20:46:07,994 [WARNING] [Alerts] pygame failed (No module named 'pygame'), trying winsound...
2026-05-17 20:46:11,680 [INFO] [Alerts] Spoken successfully via SAPI: Please sit straight.
2026-05-17 20:46:13,153 [INFO] [Alerts] AlertManager initialized | Sound: True | Voice: True | Cooldown: 6.0s | Threshold: 3.0s
2026-05-17 20:46:16,014 [INFO] [Utils] Model loaded: Random Forest | Accuracy: 99.8%
2026-05-17 20:46:16,014 [INFO] [Detector] Camera started | ML: True
2026-05-17 20:46:19,571 [WARNING] [Alerts] pygame failed (No module named 'pygame'), trying winsound...
2026-05-17 20:46:23,184 [INFO] [Alerts] Spoken successfully via SAPI: Please sit straight.
2026-05-17 20:46:25,833 [WARNING] [Alerts] pygame failed (No module named 'pygame'), trying winsound...
2026-05-17 20:46:29,403 [INFO] [Alerts] Spoken successfully via SAPI: Please sit straight.
2026-05-17 20:46:32,039 [WARNING] [Alerts] pygame failed (No module named 'pygame'), trying winsound...
2026-05-17 20:46:35,547 [INFO] [Alerts] Spoken successfully via SAPI: Please sit straight.
2026-05-17 20:46:38,156 [WARNING] [Alerts] pygame failed (No module named 'pygame'), trying winsound...
2026-05-17 20:46:41,589 [INFO] [Alerts] Spoken successfully via SAPI: Please sit straight.
2026-05-17 20:46:44,263 [WARNING] [Alerts] pygame failed (No module named 'pygame'), trying winsound...
2026-05-17 20:46:47,685 [INFO] [Alerts] Spoken successfully via SAPI: Please sit straight.
2026-05-17 20:46:50,475 [WARNING] [Alerts] pygame failed (No module named 'pygame'), trying winsound...
2026-05-17 20:46:53,728 [INFO] [Alerts] Spoken successfully via SAPI: Please sit straight.
2026-05-17 20:46:59,056 [WARNING] [Alerts] pygame failed (No module named 'pygame'), trying winsound...
2026-05-17 20:47:02,624 [INFO] [Alerts] Spoken successfully via SAPI: Please sit straight.
2026-05-17 20:47:05,491 [WARNING] [Alerts] pygame failed (No module named 'pygame'), trying winsound...
2026-05-17 20:47:08,732 [INFO] [Alerts] Spoken successfully via SAPI: Please sit straight.
2026-05-17 20:47:11,670 [WARNING] [Alerts] pygame failed (No module named 'pygame'), trying winsound...
2026-05-17 20:47:15,285 [INFO] [Alerts] Spoken successfully via SAPI: Please sit straight.
2026-05-17 20:47:26,954 [INFO] [Alerts] AlertManager initialized | Sound: True | Voice: True | Cooldown: 6.0s | Threshold: 3.0s
2026-05-17 20:47:29,790 [INFO] [Utils] Model loaded: Random Forest | Accuracy: 99.8%
2026-05-17 20:47:29,790 [INFO] [Detector] Camera started | ML: True
2026-05-17 20:47:36,547 [WARNING] [Alerts] pygame failed (No module named 'pygame'), trying winsound...
2026-05-17 20:47:39,763 [INFO] [Alerts] Spoken successfully via SAPI: Please sit straight.
2026-05-17 20:47:42,670 [WARNING] [Alerts] pygame failed (No module named 'pygame'), trying winsound...
2026-05-17 20:47:46,406 [INFO] [Alerts] Spoken successfully via SAPI: Please sit straight.
2026-05-17 20:48:16,283 [WARNING] [Alerts] pygame failed (No module named 'pygame'), trying winsound...
2026-05-17 20:48:19,502 [INFO] [Alerts] Spoken successfully via SAPI: Please sit straight.
2026-05-17 20:48:26,868 [WARNING] [Alerts] pygame failed (No module named 'pygame'), trying winsound...
2026-05-17 20:48:30,039 [INFO] [Alerts] Spoken successfully via SAPI: Please sit straight.
2026-05-17 20:48:33,238 [WARNING] [Alerts] pygame failed (No module named 'pygame'), trying winsound...
2026-05-17 20:48:36,729 [INFO] [Alerts] Spoken successfully via SAPI: Please sit straight.
2026-05-17 20:48:39,406 [WARNING] [Alerts] pygame failed (No module named 'pygame'), trying winsound...
2026-05-17 20:48:42,836 [INFO] [Alerts] Spoken successfully via SAPI: Please sit straight.
2026-05-17 20:48:46,765 [WARNING] [Alerts] pygame failed (No module named 'pygame'), trying winsound...
2026-05-17 20:48:50,309 [INFO] [Alerts] Spoken successfully via SAPI: Please sit straight.
2026-05-17 20:48:55,994 [WARNING] [Alerts] pygame failed (No module named 'pygame'), trying winsound...
2026-05-17 20:48:59,518 [INFO] [Alerts] Spoken successfully via SAPI: Please sit straight.
2026-05-17 20:49:02,492 [WARNING] [Alerts] pygame failed (No module named 'pygame'), trying winsound...
2026-05-17 20:49:06,129 [INFO] [Alerts] Spoken successfully via SAPI: Please sit straight.
2026-05-17 20:49:08,720 [WARNING] [Alerts] pygame failed (No module named 'pygame'), trying winsound...
2026-05-17 20:49:12,155 [INFO] [Alerts] Spoken successfully via SAPI: Please sit straight.
2026-05-17 20:49:14,813 [WARNING] [Alerts] pygame failed (No module named 'pygame'), trying winsound...
2026-05-17 20:49:18,199 [INFO] [Alerts] Spoken successfully via SAPI: Please sit straight.
2026-05-17 20:49:21,029 [WARNING] [Alerts] pygame failed (No module named 'pygame'), trying winsound...
2026-05-17 20:49:24,436 [INFO] [Alerts] Spoken successfully via SAPI: Please sit straight.
2026-05-17 20:49:42,845 [INFO] [Alerts] AlertManager initialized | Sound: True | Voice: True | Cooldown: 6.0s | Threshold: 3.0s
2026-05-17 20:49:45,720 [INFO] [Utils] Model loaded: Random Forest | Accuracy: 99.8%
2026-05-17 20:49:45,720 [INFO] [Detector] Camera started | ML: True
2026-05-17 20:49:47,314 [INFO] [Detector] Camera stopped.
2026-05-17 20:49:49,298 [INFO] [Alerts] AlertManager initialized | Sound: True | Voice: True | Cooldown: 6.0s | Threshold: 3.0s
2026-05-17 20:49:53,484 [INFO] [Utils] Model loaded: Random Forest | Accuracy: 99.8%
2026-05-17 20:49:53,485 [INFO] [Detector] Camera started | ML: True
2026-05-17 20:49:57,217 [WARNING] [Alerts] pygame failed (No module named 'pygame'), trying winsound...
2026-05-17 20:50:00,827 [INFO] [Alerts] Spoken successfully via SAPI: Please sit straight.
2026-05-17 20:50:03,265 [WARNING] [Alerts] pygame failed (No module named 'pygame'), trying winsound...
2026-05-17 20:50:06,849 [INFO] [Alerts] Spoken successfully via SAPI: Please sit straight.
2026-05-17 20:50:09,397 [WARNING] [Alerts] pygame failed (No module named 'pygame'), trying winsound...
2026-05-17 20:50:12,940 [INFO] [Alerts] Spoken successfully via SAPI: Please sit straight.
2026-05-17 20:50:19,127 [WARNING] [Alerts] pygame failed (No module named 'pygame'), trying winsound...
2026-05-17 20:50:22,307 [INFO] [Alerts] Spoken successfully via SAPI: Please sit straight.
2026-05-17 20:50:32,822 [WARNING] [Alerts] pygame failed (No module named 'pygame'), trying winsound...
2026-05-17 20:50:36,049 [INFO] [Alerts] Spoken successfully via SAPI: Please sit straight.
2026-05-17 20:50:38,865 [WARNING] [Alerts] pygame failed (No module named 'pygame'), trying winsound...
2026-05-17 20:50:42,070 [INFO] [Alerts] Spoken successfully via SAPI: Please sit straight.
2026-05-17 20:50:45,258 [WARNING] [Alerts] pygame failed (No module named 'pygame'), trying winsound...
2026-05-17 20:50:48,850 [INFO] [Alerts] Spoken successfully via SAPI: Please sit straight.
2026-05-17 20:50:51,296 [WARNING] [Alerts] pygame failed (No module named 'pygame'), trying winsound...
2026-05-17 20:50:54,772 [INFO] [Alerts] Spoken successfully via SAPI: Please sit straight.
2026-05-17 20:50:57,694 [WARNING] [Alerts] pygame failed (No module named 'pygame'), trying winsound...
2026-05-17 20:51:00,908 [INFO] [Alerts] Spoken successfully via SAPI: Please sit straight.
2026-05-17 20:51:03,890 [WARNING] [Alerts] pygame failed (No module named 'pygame'), trying winsound...
2026-05-17 20:51:06,676 [INFO] [Detector] Camera stopped.
2026-05-17 20:51:07,543 [INFO] [Alerts] Spoken successfully via SAPI: Please sit straight.
2026-05-17 20:52:21,201 [INFO] [Alerts] AlertManager initialized | Sound: True | Voice: True | Cooldown: 6.0s | Threshold: 3.0s
2026-05-17 20:52:25,854 [INFO] [Utils] Model loaded: Random Forest | Accuracy: 99.8%
2026-05-17 20:52:25,854 [INFO] [Detector] Camera started | ML: True
2026-05-17 20:52:47,287 [WARNING] [Alerts] pygame failed (No module named 'pygame'), trying winsound...
2026-05-17 20:52:50,534 [INFO] [Alerts] Spoken successfully via SAPI: Please sit straight.
2026-05-17 20:52:53,695 [WARNING] [Alerts] pygame failed (No module named 'pygame'), trying winsound...
2026-05-17 20:52:57,316 [INFO] [Alerts] Spoken successfully via SAPI: Please sit straight.
2026-05-17 20:53:00,227 [WARNING] [Alerts] pygame failed (No module named 'pygame'), trying winsound...
2026-05-17 20:53:03,778 [INFO] [Alerts] Spoken successfully via SAPI: Please sit straight.
2026-05-17 20:53:19,419 [WARNING] [Alerts] pygame failed (No module named 'pygame'), trying winsound...
2026-05-17 20:53:22,619 [INFO] [Alerts] Spoken successfully via SAPI: Please sit straight.
2026-05-17 20:53:25,832 [WARNING] [Alerts] pygame failed (No module named 'pygame'), trying winsound...
2026-05-17 20:53:29,368 [INFO] [Alerts] Spoken successfully via SAPI: Please sit straight.
2026-05-17 20:53:31,937 [WARNING] [Alerts] pygame failed (No module named 'pygame'), trying winsound...
2026-05-17 20:53:35,284 [INFO] [Alerts] Spoken successfully via SAPI: Please sit straight.
2026-05-17 20:53:38,085 [WARNING] [Alerts] pygame failed (No module named 'pygame'), trying winsound...
2026-05-17 20:53:41,322 [INFO] [Alerts] Spoken successfully via SAPI: Please sit straight.
2026-05-17 20:53:44,224 [WARNING] [Alerts] pygame failed (No module named 'pygame'), trying winsound...
2026-05-17 20:53:47,437 [INFO] [Alerts] Spoken successfully via SAPI: Please sit straight.
2026-05-17 20:53:50,406 [WARNING] [Alerts] pygame failed (No module named 'pygame'), trying winsound...
2026-05-17 20:53:54,024 [INFO] [Alerts] Spoken successfully via SAPI: Please sit straight.
2026-05-17 20:53:56,669 [WARNING] [Alerts] pygame failed (No module named 'pygame'), trying winsound...
2026-05-17 20:54:00,035 [INFO] [Alerts] Spoken successfully via SAPI: Please sit straight.
2026-05-17 20:54:05,300 [WARNING] [Alerts] pygame failed (No module named 'pygame'), trying winsound...
2026-05-17 20:54:08,989 [INFO] [Alerts] Spoken successfully via SAPI: Please sit straight.
2026-05-17 20:54:11,418 [WARNING] [Alerts] pygame failed (No module named 'pygame'), trying winsound...
2026-05-17 20:54:14,931 [INFO] [Alerts] Spoken successfully via SAPI: Please sit straight.
2026-05-17 20:54:17,975 [WARNING] [Alerts] pygame failed (No module named 'pygame'), trying winsound...
2026-05-17 20:54:21,589 [INFO] [Alerts] Spoken successfully via SAPI: Please sit straight.
2026-05-17 20:54:24,032 [WARNING] [Alerts] pygame failed (No module named 'pygame'), trying winsound...
2026-05-17 20:54:27,541 [INFO] [Alerts] Spoken successfully via SAPI: Please sit straight.
2026-05-17 20:54:30,594 [WARNING] [Alerts] pygame failed (No module named 'pygame'), trying winsound...
2026-05-17 20:54:34,258 [INFO] [Alerts] Spoken successfully via SAPI: Please sit straight.
2026-05-17 20:54:36,900 [WARNING] [Alerts] pygame failed (No module named 'pygame'), trying winsound...
2026-05-17 20:54:40,405 [INFO] [Alerts] Spoken successfully via SAPI: Please sit straight.
2026-05-17 20:54:50,702 [WARNING] [Alerts] pygame failed (No module named 'pygame'), trying winsound...
2026-05-17 20:54:53,897 [INFO] [Alerts] Spoken successfully via SAPI: Please sit straight.
2026-05-17 20:54:56,894 [WARNING] [Alerts] pygame failed (No module named 'pygame'), trying winsound...
2026-05-17 20:55:00,452 [INFO] [Alerts] Spoken successfully via SAPI: Please sit straight.
2026-05-17 20:55:02,939 [WARNING] [Alerts] pygame failed (No module named 'pygame'), trying winsound...
2026-05-17 20:55:06,393 [INFO] [Alerts] Spoken successfully via SAPI: Please sit straight.
2026-05-17 20:55:12,162 [WARNING] [Alerts] pygame failed (No module named 'pygame'), trying winsound...
2026-05-17 20:55:15,695 [INFO] [Alerts] Spoken successfully via SAPI: Please sit straight.
2026-05-17 20:55:27,195 [WARNING] [Alerts] pygame failed (No module named 'pygame'), trying winsound...
2026-05-17 20:55:30,446 [INFO] [Alerts] Spoken successfully via SAPI: Please sit straight.
2026-05-17 20:55:35,776 [WARNING] [Alerts] pygame failed (No module named 'pygame'), trying winsound...
2026-05-17 20:55:39,509 [INFO] [Alerts] Spoken successfully via SAPI: Please sit straight.
2026-05-17 20:55:41,953 [WARNING] [Alerts] pygame failed (No module named 'pygame'), trying winsound...
2026-05-17 20:55:45,422 [INFO] [Alerts] Spoken successfully via SAPI: Please sit straight.
2026-05-17 20:55:56,893 [WARNING] [Alerts] pygame failed (No module named 'pygame'), trying winsound...
2026-05-17 20:56:00,161 [INFO] [Alerts] Spoken successfully via SAPI: Please sit straight.
2026-05-17 20:56:06,847 [WARNING] [Alerts] pygame failed (No module named 'pygame'), trying winsound...
2026-05-17 20:56:10,075 [INFO] [Alerts] Spoken successfully via SAPI: Please sit straight.
2026-05-17 20:56:25,968 [INFO] [Detector] Camera stopped.
